
out/a.elf:     file format elf32-avr

Sections:
Idx Name          Size      VMA       LMA       File off  Algn
  0 .text         00000d06  00000000  00000000  00000094  2**1
                  CONTENTS, ALLOC, LOAD, READONLY, CODE
  1 .data         00000002  00800060  00000d06  00000d9a  2**0
                  CONTENTS, ALLOC, LOAD, DATA
  2 .bss          000000db  00800062  00800062  00000d9c  2**0
                  ALLOC
  3 .comment      00000011  00000000  00000000  00000d9c  2**0
                  CONTENTS, READONLY
  4 .note.gnu.avr.deviceinfo 0000003c  00000000  00000000  00000db0  2**2
                  CONTENTS, READONLY
  5 .debug_info   0000048c  00000000  00000000  00000dec  2**0
                  CONTENTS, READONLY, DEBUGGING
  6 .debug_abbrev 0000044e  00000000  00000000  00001278  2**0
                  CONTENTS, READONLY, DEBUGGING
  7 .debug_line   0000001a  00000000  00000000  000016c6  2**0
                  CONTENTS, READONLY, DEBUGGING
  8 .debug_str    0000017a  00000000  00000000  000016e0  2**0
                  CONTENTS, READONLY, DEBUGGING

Disassembly of section .text:

00000000 <__vectors>:
   0:	1d c0       	rjmp	.+58     	; 0x3c <__ctors_end>
   2:	27 c2       	rjmp	.+1102   	; 0x452 <__vector_1>
   4:	36 c0       	rjmp	.+108    	; 0x72 <__bad_interrupt>
   6:	8e c2       	rjmp	.+1308   	; 0x524 <__vector_3>
   8:	34 c0       	rjmp	.+104    	; 0x72 <__bad_interrupt>
   a:	33 c0       	rjmp	.+102    	; 0x72 <__bad_interrupt>
   c:	31 c2       	rjmp	.+1122   	; 0x470 <__vector_6>
   e:	31 c0       	rjmp	.+98     	; 0x72 <__bad_interrupt>
  10:	30 c0       	rjmp	.+96     	; 0x72 <__bad_interrupt>
  12:	43 c2       	rjmp	.+1158   	; 0x49a <__vector_9>
  14:	2e c0       	rjmp	.+92     	; 0x72 <__bad_interrupt>
  16:	65 c2       	rjmp	.+1226   	; 0x4e2 <__vector_11>
  18:	2c c0       	rjmp	.+88     	; 0x72 <__bad_interrupt>
  1a:	75 c2       	rjmp	.+1258   	; 0x506 <__vector_13>
  1c:	4e c2       	rjmp	.+1180   	; 0x4ba <__vector_14>
  1e:	29 c0       	rjmp	.+82     	; 0x72 <__bad_interrupt>
  20:	28 c0       	rjmp	.+80     	; 0x72 <__bad_interrupt>
  22:	27 c0       	rjmp	.+78     	; 0x72 <__bad_interrupt>
  24:	26 c0       	rjmp	.+76     	; 0x72 <__bad_interrupt>
  26:	14 c5       	rjmp	.+2600   	; 0xa50 <MBSlave+0x252>
  28:	1c c5       	rjmp	.+2616   	; 0xa62 <MBSlave+0x264>
  2a:	d5 c4       	rjmp	.+2474   	; 0x9d6 <MBSlave+0x1d8>
  2c:	04 c5       	rjmp	.+2568   	; 0xa36 <MBSlave+0x238>
  2e:	db c4       	rjmp	.+2486   	; 0x9e6 <MBSlave+0x1e8>
  30:	cb c4       	rjmp	.+2454   	; 0x9c8 <MBSlave+0x1ca>
  32:	9a c4       	rjmp	.+2356   	; 0x968 <MBSlave+0x16a>
  34:	8b c4       	rjmp	.+2326   	; 0x94c <MBSlave+0x14e>
  36:	5d c4       	rjmp	.+2234   	; 0x8f2 <MBSlave+0xf4>
  38:	38 c4       	rjmp	.+2160   	; 0x8aa <MBSlave+0xac>
  3a:	1b c5       	rjmp	.+2614   	; 0xa72 <MBSlave+0x274>

0000003c <__ctors_end>:
  3c:	11 24       	eor	r1, r1
  3e:	1f be       	out	0x3f, r1	; 63
  40:	cf e5       	ldi	r28, 0x5F	; 95
  42:	d4 e0       	ldi	r29, 0x04	; 4
  44:	de bf       	out	0x3e, r29	; 62
  46:	cd bf       	out	0x3d, r28	; 61

00000048 <__do_copy_data>:
  48:	10 e0       	ldi	r17, 0x00	; 0
  4a:	a0 e6       	ldi	r26, 0x60	; 96
  4c:	b0 e0       	ldi	r27, 0x00	; 0
  4e:	e6 e0       	ldi	r30, 0x06	; 6
  50:	fd e0       	ldi	r31, 0x0D	; 13
  52:	02 c0       	rjmp	.+4      	; 0x58 <__do_copy_data+0x10>
  54:	05 90       	lpm	r0, Z+
  56:	0d 92       	st	X+, r0
  58:	a2 36       	cpi	r26, 0x62	; 98
  5a:	b1 07       	cpc	r27, r17
  5c:	d9 f7       	brne	.-10     	; 0x54 <__do_copy_data+0xc>

0000005e <__do_clear_bss>:
  5e:	21 e0       	ldi	r18, 0x01	; 1
  60:	a2 e6       	ldi	r26, 0x62	; 98
  62:	b0 e0       	ldi	r27, 0x00	; 0
  64:	01 c0       	rjmp	.+2      	; 0x68 <.do_clear_bss_start>

00000066 <.do_clear_bss_loop>:
  66:	1d 92       	st	X+, r1

00000068 <.do_clear_bss_start>:
  68:	ad 33       	cpi	r26, 0x3D	; 61
  6a:	b2 07       	cpc	r27, r18
  6c:	e1 f7       	brne	.-8      	; 0x66 <.do_clear_bss_loop>
  6e:	02 d0       	rcall	.+4      	; 0x74 <main>
  70:	48 c6       	rjmp	.+3216   	; 0xd02 <_exit>

00000072 <__bad_interrupt>:
  72:	67 c2       	rjmp	.+1230   	; 0x542 <__vector_default>

00000074 <main>:
  74:	cf 93       	push	r28
  76:	df 93       	push	r29
  78:	cd b7       	in	r28, 0x3d	; 61
  7a:	de b7       	in	r29, 0x3e	; 62
  7c:	28 97       	sbiw	r28, 0x08	; 8
  7e:	0f b6       	in	r0, 0x3f	; 63
  80:	f8 94       	cli
  82:	de bf       	out	0x3e, r29	; 62
  84:	0f be       	out	0x3f, r0	; 63
  86:	cd bf       	out	0x3d, r28	; 61
  88:	8e 9a       	sbi	0x11, 6	; 17
  8a:	8f 9a       	sbi	0x11, 7	; 17
  8c:	10 92 32 01 	sts	0x0132, r1	; 0x800132 <stUART+0x65>
  90:	10 92 31 01 	sts	0x0131, r1	; 0x800131 <stUART+0x64>
  94:	10 92 33 01 	sts	0x0133, r1	; 0x800133 <stUART+0x66>
  98:	e9 e9       	ldi	r30, 0x99	; 153
  9a:	f0 e0       	ldi	r31, 0x00	; 0
  9c:	80 e0       	ldi	r24, 0x00	; 0
  9e:	90 e0       	ldi	r25, 0x00	; 0
  a0:	dc 01       	movw	r26, r24
  a2:	aa 0f       	add	r26, r26
  a4:	bb 1f       	adc	r27, r27
  a6:	ab 58       	subi	r26, 0x8B	; 139
  a8:	bf 4f       	sbci	r27, 0xFF	; 255
  aa:	11 96       	adiw	r26, 0x01	; 1
  ac:	1c 92       	st	X, r1
  ae:	1e 92       	st	-X, r1
  b0:	13 8e       	std	Z+27, r1	; 0x1b
  b2:	12 8e       	std	Z+26, r1	; 0x1a
  b4:	11 92       	st	Z+, r1
  b6:	11 92       	st	Z+, r1
  b8:	01 96       	adiw	r24, 0x01	; 1
  ba:	8d 30       	cpi	r24, 0x0D	; 13
  bc:	91 05       	cpc	r25, r1
  be:	81 f7       	brne	.-32     	; 0xa0 <main+0x2c>
  c0:	8f e3       	ldi	r24, 0x3F	; 63
  c2:	90 e0       	ldi	r25, 0x00	; 0
  c4:	90 93 b4 00 	sts	0x00B4, r25	; 0x8000b4 <stMBRegs+0x3f>
  c8:	80 93 b3 00 	sts	0x00B3, r24	; 0x8000b3 <stMBRegs+0x3e>
  cc:	81 e0       	ldi	r24, 0x01	; 1
  ce:	90 e0       	ldi	r25, 0x00	; 0
  d0:	90 93 9c 00 	sts	0x009C, r25	; 0x80009c <stMBRegs+0x27>
  d4:	80 93 9b 00 	sts	0x009B, r24	; 0x80009b <stMBRegs+0x26>
  d8:	8f ef       	ldi	r24, 0xFF	; 255
  da:	90 e0       	ldi	r25, 0x00	; 0
  dc:	90 93 b6 00 	sts	0x00B6, r25	; 0x8000b6 <stMBRegs+0x41>
  e0:	80 93 b5 00 	sts	0x00B5, r24	; 0x8000b5 <stMBRegs+0x40>
  e4:	90 93 bc 00 	sts	0x00BC, r25	; 0x8000bc <stMBRegs+0x47>
  e8:	80 93 bb 00 	sts	0x00BB, r24	; 0x8000bb <stMBRegs+0x46>
  ec:	87 e3       	ldi	r24, 0x37	; 55
  ee:	91 e0       	ldi	r25, 0x01	; 1
  f0:	7c d5       	rcall	.+2808   	; 0xbea <ReadEEPROM>
  f2:	80 91 3b 01 	lds	r24, 0x013B	; 0x80013b <stEEPROM+0x4>
  f6:	90 91 3c 01 	lds	r25, 0x013C	; 0x80013c <stEEPROM+0x5>
  fa:	01 96       	adiw	r24, 0x01	; 1
  fc:	81 f4       	brne	.+32     	; 0x11e <main+0xaa>
  fe:	80 91 60 00 	lds	r24, 0x0060	; 0x800060 <Hard_address>
 102:	90 91 61 00 	lds	r25, 0x0061	; 0x800061 <Hard_address+0x1>
 106:	90 93 3c 01 	sts	0x013C, r25	; 0x80013c <stEEPROM+0x5>
 10a:	80 93 3b 01 	sts	0x013B, r24	; 0x80013b <stEEPROM+0x4>
 10e:	10 92 38 01 	sts	0x0138, r1	; 0x800138 <stEEPROM+0x1>
 112:	10 92 37 01 	sts	0x0137, r1	; 0x800137 <stEEPROM>
 116:	10 92 3a 01 	sts	0x013A, r1	; 0x80013a <stEEPROM+0x3>
 11a:	10 92 39 01 	sts	0x0139, r1	; 0x800139 <stEEPROM+0x2>
 11e:	82 e0       	ldi	r24, 0x02	; 2
 120:	90 e0       	ldi	r25, 0x00	; 0
 122:	90 93 90 00 	sts	0x0090, r25	; 0x800090 <stMBRegs+0x1b>
 126:	80 93 8f 00 	sts	0x008F, r24	; 0x80008f <stMBRegs+0x1a>
 12a:	80 91 37 01 	lds	r24, 0x0137	; 0x800137 <stEEPROM>
 12e:	90 91 38 01 	lds	r25, 0x0138	; 0x800138 <stEEPROM+0x1>
 132:	90 93 92 00 	sts	0x0092, r25	; 0x800092 <stMBRegs+0x1d>
 136:	80 93 91 00 	sts	0x0091, r24	; 0x800091 <stMBRegs+0x1c>
 13a:	80 91 39 01 	lds	r24, 0x0139	; 0x800139 <stEEPROM+0x2>
 13e:	90 91 3a 01 	lds	r25, 0x013A	; 0x80013a <stEEPROM+0x3>
 142:	90 93 94 00 	sts	0x0094, r25	; 0x800094 <stMBRegs+0x1f>
 146:	80 93 93 00 	sts	0x0093, r24	; 0x800093 <stMBRegs+0x1e>
 14a:	80 91 3b 01 	lds	r24, 0x013B	; 0x80013b <stEEPROM+0x4>
 14e:	90 91 3c 01 	lds	r25, 0x013C	; 0x80013c <stEEPROM+0x5>
 152:	90 93 96 00 	sts	0x0096, r25	; 0x800096 <stMBRegs+0x21>
 156:	80 93 95 00 	sts	0x0095, r24	; 0x800095 <stMBRegs+0x20>
 15a:	80 91 93 00 	lds	r24, 0x0093	; 0x800093 <stMBRegs+0x1e>
 15e:	90 91 94 00 	lds	r25, 0x0094	; 0x800094 <stMBRegs+0x1f>
 162:	90 93 76 00 	sts	0x0076, r25	; 0x800076 <stMBRegs+0x1>
 166:	80 93 75 00 	sts	0x0075, r24	; 0x800075 <stMBRegs>
 16a:	8f ef       	ldi	r24, 0xFF	; 255
 16c:	9f e7       	ldi	r25, 0x7F	; 127
 16e:	26 e1       	ldi	r18, 0x16	; 22
 170:	81 50       	subi	r24, 0x01	; 1
 172:	90 40       	sbci	r25, 0x00	; 0
 174:	20 40       	sbci	r18, 0x00	; 0
 176:	e1 f7       	brne	.-8      	; 0x170 <main+0xfc>
 178:	00 c0       	rjmp	.+0      	; 0x17a <main+0x106>
 17a:	00 00       	nop
 17c:	85 9b       	sbis	0x10, 5	; 16
 17e:	52 c1       	rjmp	.+676    	; 0x424 <__LOCK_REGION_LENGTH__+0x24>
 180:	81 e0       	ldi	r24, 0x01	; 1
 182:	90 e0       	ldi	r25, 0x00	; 0
 184:	90 93 73 00 	sts	0x0073, r25	; 0x800073 <ModbusAdr+0x1>
 188:	80 93 72 00 	sts	0x0072, r24	; 0x800072 <ModbusAdr>
 18c:	80 e8       	ldi	r24, 0x80	; 128
 18e:	95 e2       	ldi	r25, 0x25	; 37
 190:	a0 e0       	ldi	r26, 0x00	; 0
 192:	b0 e0       	ldi	r27, 0x00	; 0
 194:	89 83       	std	Y+1, r24	; 0x01
 196:	9a 83       	std	Y+2, r25	; 0x02
 198:	ab 83       	std	Y+3, r26	; 0x03
 19a:	bc 83       	std	Y+4, r27	; 0x04
 19c:	88 e0       	ldi	r24, 0x08	; 8
 19e:	8d 83       	std	Y+5, r24	; 0x05
 1a0:	1f 82       	std	Y+7, r1	; 0x07
 1a2:	1e 82       	std	Y+6, r1	; 0x06
 1a4:	81 e0       	ldi	r24, 0x01	; 1
 1a6:	88 87       	std	Y+8, r24	; 0x08
 1a8:	29 81       	ldd	r18, Y+1	; 0x01
 1aa:	3a 81       	ldd	r19, Y+2	; 0x02
 1ac:	4b 81       	ldd	r20, Y+3	; 0x03
 1ae:	5c 81       	ldd	r21, Y+4	; 0x04
 1b0:	6d 81       	ldd	r22, Y+5	; 0x05
 1b2:	7e 81       	ldd	r23, Y+6	; 0x06
 1b4:	8f 81       	ldd	r24, Y+7	; 0x07
 1b6:	98 85       	ldd	r25, Y+8	; 0x08
 1b8:	ce d1       	rcall	.+924    	; 0x556 <UARTInit>
 1ba:	9e e0       	ldi	r25, 0x0E	; 14
 1bc:	88 e1       	ldi	r24, 0x18	; 24
 1be:	0f b6       	in	r0, 0x3f	; 63
 1c0:	f8 94       	cli
 1c2:	a8 95       	wdr
 1c4:	81 bd       	out	0x21, r24	; 33
 1c6:	0f be       	out	0x3f, r0	; 63
 1c8:	91 bd       	out	0x21, r25	; 33
 1ca:	83 b7       	in	r24, 0x33	; 51
 1cc:	85 60       	ori	r24, 0x05	; 5
 1ce:	83 bf       	out	0x33, r24	; 51
 1d0:	89 b7       	in	r24, 0x39	; 57
 1d2:	81 60       	ori	r24, 0x01	; 1
 1d4:	89 bf       	out	0x39, r24	; 57
 1d6:	85 b7       	in	r24, 0x35	; 53
 1d8:	82 60       	ori	r24, 0x02	; 2
 1da:	85 bf       	out	0x35, r24	; 53
 1dc:	8b b7       	in	r24, 0x3b	; 59
 1de:	80 64       	ori	r24, 0x40	; 64
 1e0:	8b bf       	out	0x3b, r24	; 59
 1e2:	b9 9a       	sbi	0x17, 1	; 23
 1e4:	87 b1       	in	r24, 0x07	; 7
 1e6:	80 6e       	ori	r24, 0xE0	; 224
 1e8:	87 b9       	out	0x07, r24	; 7
 1ea:	86 b1       	in	r24, 0x06	; 6
 1ec:	8c 68       	ori	r24, 0x8C	; 140
 1ee:	86 b9       	out	0x06, r24	; 6
 1f0:	78 94       	sei
 1f2:	15 e2       	ldi	r17, 0x25	; 37
 1f4:	0c c0       	rjmp	.+24     	; 0x20e <main+0x19a>
 1f6:	80 91 71 00 	lds	r24, 0x0071	; 0x800071 <IntFlagTransUART>
 1fa:	81 11       	cpse	r24, r1
 1fc:	46 c0       	rjmp	.+140    	; 0x28a <main+0x216>
 1fe:	80 91 36 01 	lds	r24, 0x0136	; 0x800136 <IntFlagEndMB>
 202:	81 11       	cpse	r24, r1
 204:	51 c0       	rjmp	.+162    	; 0x2a8 <main+0x234>
 206:	80 91 74 00 	lds	r24, 0x0074	; 0x800074 <IntFlagZero>
 20a:	81 11       	cpse	r24, r1
 20c:	62 c0       	rjmp	.+196    	; 0x2d2 <main+0x25e>
 20e:	80 91 6c 00 	lds	r24, 0x006C	; 0x80006c <IntFlagMain>
 212:	88 23       	and	r24, r24
 214:	49 f1       	breq	.+82     	; 0x268 <main+0x1f4>
 216:	10 92 6c 00 	sts	0x006C, r1	; 0x80006c <IntFlagMain>
 21a:	20 91 75 00 	lds	r18, 0x0075	; 0x800075 <stMBRegs>
 21e:	30 91 76 00 	lds	r19, 0x0076	; 0x800076 <stMBRegs+0x1>
 222:	80 91 93 00 	lds	r24, 0x0093	; 0x800093 <stMBRegs+0x1e>
 226:	90 91 94 00 	lds	r25, 0x0094	; 0x800094 <stMBRegs+0x1f>
 22a:	28 17       	cp	r18, r24
 22c:	39 07       	cpc	r19, r25
 22e:	09 f4       	brne	.+2      	; 0x232 <main+0x1be>
 230:	8f c0       	rjmp	.+286    	; 0x350 <main+0x2dc>
 232:	80 91 75 00 	lds	r24, 0x0075	; 0x800075 <stMBRegs>
 236:	90 91 76 00 	lds	r25, 0x0076	; 0x800076 <stMBRegs+0x1>
 23a:	90 93 3a 01 	sts	0x013A, r25	; 0x80013a <stEEPROM+0x3>
 23e:	80 93 39 01 	sts	0x0139, r24	; 0x800139 <stEEPROM+0x2>
 242:	80 91 39 01 	lds	r24, 0x0139	; 0x800139 <stEEPROM+0x2>
 246:	90 91 3a 01 	lds	r25, 0x013A	; 0x80013a <stEEPROM+0x3>
 24a:	90 93 94 00 	sts	0x0094, r25	; 0x800094 <stMBRegs+0x1f>
 24e:	80 93 93 00 	sts	0x0093, r24	; 0x800093 <stMBRegs+0x1e>
 252:	80 91 93 00 	lds	r24, 0x0093	; 0x800093 <stMBRegs+0x1e>
 256:	90 91 94 00 	lds	r25, 0x0094	; 0x800094 <stMBRegs+0x1f>
 25a:	90 93 76 00 	sts	0x0076, r25	; 0x800076 <stMBRegs+0x1>
 25e:	80 93 75 00 	sts	0x0075, r24	; 0x800075 <stMBRegs>
 262:	87 e3       	ldi	r24, 0x37	; 55
 264:	91 e0       	ldi	r25, 0x01	; 1
 266:	d7 d4       	rcall	.+2478   	; 0xc16 <UpdEEPROM>
 268:	80 91 6d 00 	lds	r24, 0x006D	; 0x80006d <IntFlagRecUART>
 26c:	88 23       	and	r24, r24
 26e:	09 f4       	brne	.+2      	; 0x272 <main+0x1fe>
 270:	c2 cf       	rjmp	.-124    	; 0x1f6 <main+0x182>
 272:	10 92 6d 00 	sts	0x006D, r1	; 0x80006d <IntFlagRecUART>
 276:	60 91 6e 00 	lds	r22, 0x006E	; 0x80006e <UDRbuf>
 27a:	8d ec       	ldi	r24, 0xCD	; 205
 27c:	90 e0       	ldi	r25, 0x00	; 0
 27e:	53 d2       	rcall	.+1190   	; 0x726 <UARTRec>
 280:	80 91 71 00 	lds	r24, 0x0071	; 0x800071 <IntFlagTransUART>
 284:	88 23       	and	r24, r24
 286:	09 f4       	brne	.+2      	; 0x28a <main+0x216>
 288:	ba cf       	rjmp	.-140    	; 0x1fe <main+0x18a>
 28a:	10 92 71 00 	sts	0x0071, r1	; 0x800071 <IntFlagTransUART>
 28e:	8d ec       	ldi	r24, 0xCD	; 205
 290:	90 e0       	ldi	r25, 0x00	; 0
 292:	72 d2       	rcall	.+1252   	; 0x778 <UARTNextByTrans>
 294:	80 91 32 01 	lds	r24, 0x0132	; 0x800132 <stUART+0x65>
 298:	81 11       	cpse	r24, r1
 29a:	b1 cf       	rjmp	.-158    	; 0x1fe <main+0x18a>
 29c:	97 98       	cbi	0x12, 7	; 18
 29e:	80 91 36 01 	lds	r24, 0x0136	; 0x800136 <IntFlagEndMB>
 2a2:	88 23       	and	r24, r24
 2a4:	09 f4       	brne	.+2      	; 0x2a8 <main+0x234>
 2a6:	af cf       	rjmp	.-162    	; 0x206 <main+0x192>
 2a8:	8d ec       	ldi	r24, 0xCD	; 205
 2aa:	90 e0       	ldi	r25, 0x00	; 0
 2ac:	9e d2       	rcall	.+1340   	; 0x7ea <UARTendMB>
 2ae:	40 91 72 00 	lds	r20, 0x0072	; 0x800072 <ModbusAdr>
 2b2:	65 e7       	ldi	r22, 0x75	; 117
 2b4:	70 e0       	ldi	r23, 0x00	; 0
 2b6:	8d ec       	ldi	r24, 0xCD	; 205
 2b8:	90 e0       	ldi	r25, 0x00	; 0
 2ba:	a1 d2       	rcall	.+1346   	; 0x7fe <MBSlave>
 2bc:	80 91 32 01 	lds	r24, 0x0132	; 0x800132 <stUART+0x65>
 2c0:	81 11       	cpse	r24, r1
 2c2:	61 c0       	rjmp	.+194    	; 0x386 <main+0x312>
 2c4:	10 92 36 01 	sts	0x0136, r1	; 0x800136 <IntFlagEndMB>
 2c8:	80 91 74 00 	lds	r24, 0x0074	; 0x800074 <IntFlagZero>
 2cc:	88 23       	and	r24, r24
 2ce:	09 f4       	brne	.+2      	; 0x2d2 <main+0x25e>
 2d0:	9e cf       	rjmp	.-196    	; 0x20e <main+0x19a>
 2d2:	8a e0       	ldi	r24, 0x0A	; 10
 2d4:	95 e0       	ldi	r25, 0x05	; 5
 2d6:	01 97       	sbiw	r24, 0x01	; 1
 2d8:	f1 f7       	brne	.-4      	; 0x2d6 <main+0x262>
 2da:	82 99       	sbic	0x10, 2	; 16
 2dc:	14 c0       	rjmp	.+40     	; 0x306 <main+0x292>
 2de:	80 91 34 01 	lds	r24, 0x0134	; 0x800134 <T_work>
 2e2:	90 91 35 01 	lds	r25, 0x0135	; 0x800135 <T_work+0x1>
 2e6:	89 2b       	or	r24, r25
 2e8:	69 f0       	breq	.+26     	; 0x304 <main+0x290>
 2ea:	c1 9a       	sbi	0x18, 1	; 24
 2ec:	80 91 70 00 	lds	r24, 0x0070	; 0x800070 <T_work_incr+0x1>
 2f0:	8b bd       	out	0x2b, r24	; 43
 2f2:	80 91 6f 00 	lds	r24, 0x006F	; 0x80006f <T_work_incr>
 2f6:	8a bd       	out	0x2a, r24	; 42
 2f8:	8e b5       	in	r24, 0x2e	; 46
 2fa:	82 60       	ori	r24, 0x02	; 2
 2fc:	8e bd       	out	0x2e, r24	; 46
 2fe:	89 b7       	in	r24, 0x39	; 57
 300:	80 61       	ori	r24, 0x10	; 16
 302:	89 bf       	out	0x39, r24	; 57
 304:	36 9a       	sbi	0x06, 6	; 6
 306:	80 91 7d 00 	lds	r24, 0x007D	; 0x80007d <stMBRegs+0x8>
 30a:	90 91 7e 00 	lds	r25, 0x007E	; 0x80007e <stMBRegs+0x9>
 30e:	00 97       	sbiw	r24, 0x00	; 0
 310:	09 f4       	brne	.+2      	; 0x314 <main+0x2a0>
 312:	77 c0       	rjmp	.+238    	; 0x402 <__LOCK_REGION_LENGTH__+0x2>
 314:	20 91 7d 00 	lds	r18, 0x007D	; 0x80007d <stMBRegs+0x8>
 318:	30 91 7e 00 	lds	r19, 0x007E	; 0x80007e <stMBRegs+0x9>
 31c:	12 9f       	mul	r17, r18
 31e:	c0 01       	movw	r24, r0
 320:	13 9f       	mul	r17, r19
 322:	90 0d       	add	r25, r0
 324:	11 24       	eor	r1, r1
 326:	90 93 35 01 	sts	0x0135, r25	; 0x800135 <T_work+0x1>
 32a:	80 93 34 01 	sts	0x0134, r24	; 0x800134 <T_work>
 32e:	20 91 6f 00 	lds	r18, 0x006F	; 0x80006f <T_work_incr>
 332:	30 91 70 00 	lds	r19, 0x0070	; 0x800070 <T_work_incr+0x1>
 336:	28 17       	cp	r18, r24
 338:	39 07       	cpc	r19, r25
 33a:	08 f0       	brcs	.+2      	; 0x33e <main+0x2ca>
 33c:	59 c0       	rjmp	.+178    	; 0x3f0 <main+0x37c>
 33e:	26 5f       	subi	r18, 0xF6	; 246
 340:	3f 4f       	sbci	r19, 0xFF	; 255
 342:	30 93 70 00 	sts	0x0070, r19	; 0x800070 <T_work_incr+0x1>
 346:	20 93 6f 00 	sts	0x006F, r18	; 0x80006f <T_work_incr>
 34a:	10 92 74 00 	sts	0x0074, r1	; 0x800074 <IntFlagZero>
 34e:	5f cf       	rjmp	.-322    	; 0x20e <main+0x19a>
 350:	80 91 77 00 	lds	r24, 0x0077	; 0x800077 <stMBRegs+0x2>
 354:	90 91 78 00 	lds	r25, 0x0078	; 0x800078 <stMBRegs+0x3>
 358:	89 2b       	or	r24, r25
 35a:	d1 f0       	breq	.+52     	; 0x390 <main+0x31c>
 35c:	80 91 77 00 	lds	r24, 0x0077	; 0x800077 <stMBRegs+0x2>
 360:	90 91 78 00 	lds	r25, 0x0078	; 0x800078 <stMBRegs+0x3>
 364:	90 93 3c 01 	sts	0x013C, r25	; 0x80013c <stEEPROM+0x5>
 368:	80 93 3b 01 	sts	0x013B, r24	; 0x80013b <stEEPROM+0x4>
 36c:	80 91 3b 01 	lds	r24, 0x013B	; 0x80013b <stEEPROM+0x4>
 370:	90 91 3c 01 	lds	r25, 0x013C	; 0x80013c <stEEPROM+0x5>
 374:	90 93 96 00 	sts	0x0096, r25	; 0x800096 <stMBRegs+0x21>
 378:	80 93 95 00 	sts	0x0095, r24	; 0x800095 <stMBRegs+0x20>
 37c:	10 92 78 00 	sts	0x0078, r1	; 0x800078 <stMBRegs+0x3>
 380:	10 92 77 00 	sts	0x0077, r1	; 0x800077 <stMBRegs+0x2>
 384:	6e cf       	rjmp	.-292    	; 0x262 <main+0x1ee>
 386:	8d ec       	ldi	r24, 0xCD	; 205
 388:	90 e0       	ldi	r25, 0x00	; 0
 38a:	1b d2       	rcall	.+1078   	; 0x7c2 <UARTStartByRec>
 38c:	97 9a       	sbi	0x12, 7	; 18
 38e:	9a cf       	rjmp	.-204    	; 0x2c4 <main+0x250>
 390:	80 91 79 00 	lds	r24, 0x0079	; 0x800079 <stMBRegs+0x4>
 394:	90 91 7a 00 	lds	r25, 0x007A	; 0x80007a <stMBRegs+0x5>
 398:	88 3b       	cpi	r24, 0xB8	; 184
 39a:	92 4c       	sbci	r25, 0xC2	; 194
 39c:	09 f0       	breq	.+2      	; 0x3a0 <main+0x32c>
 39e:	61 cf       	rjmp	.-318    	; 0x262 <main+0x1ee>
 3a0:	10 92 7a 00 	sts	0x007A, r1	; 0x80007a <stMBRegs+0x5>
 3a4:	10 92 79 00 	sts	0x0079, r1	; 0x800079 <stMBRegs+0x4>
 3a8:	80 91 7b 00 	lds	r24, 0x007B	; 0x80007b <stMBRegs+0x6>
 3ac:	90 91 7c 00 	lds	r25, 0x007C	; 0x80007c <stMBRegs+0x7>
 3b0:	89 2b       	or	r24, r25
 3b2:	09 f4       	brne	.+2      	; 0x3b6 <main+0x342>
 3b4:	56 cf       	rjmp	.-340    	; 0x262 <main+0x1ee>
 3b6:	80 91 7b 00 	lds	r24, 0x007B	; 0x80007b <stMBRegs+0x6>
 3ba:	90 91 7c 00 	lds	r25, 0x007C	; 0x80007c <stMBRegs+0x7>
 3be:	90 93 38 01 	sts	0x0138, r25	; 0x800138 <stEEPROM+0x1>
 3c2:	80 93 37 01 	sts	0x0137, r24	; 0x800137 <stEEPROM>
 3c6:	80 91 37 01 	lds	r24, 0x0137	; 0x800137 <stEEPROM>
 3ca:	90 91 38 01 	lds	r25, 0x0138	; 0x800138 <stEEPROM+0x1>
 3ce:	90 93 92 00 	sts	0x0092, r25	; 0x800092 <stMBRegs+0x1d>
 3d2:	80 93 91 00 	sts	0x0091, r24	; 0x800091 <stMBRegs+0x1c>
 3d6:	10 92 7c 00 	sts	0x007C, r1	; 0x80007c <stMBRegs+0x7>
 3da:	10 92 7b 00 	sts	0x007B, r1	; 0x80007b <stMBRegs+0x6>
 3de:	41 cf       	rjmp	.-382    	; 0x262 <main+0x1ee>
 3e0:	10 92 35 01 	sts	0x0135, r1	; 0x800135 <T_work+0x1>
 3e4:	10 92 34 01 	sts	0x0134, r1	; 0x800134 <T_work>
 3e8:	20 91 6f 00 	lds	r18, 0x006F	; 0x80006f <T_work_incr>
 3ec:	30 91 70 00 	lds	r19, 0x0070	; 0x800070 <T_work_incr+0x1>
 3f0:	82 17       	cp	r24, r18
 3f2:	93 07       	cpc	r25, r19
 3f4:	08 f0       	brcs	.+2      	; 0x3f8 <main+0x384>
 3f6:	a9 cf       	rjmp	.-174    	; 0x34a <main+0x2d6>
 3f8:	90 93 70 00 	sts	0x0070, r25	; 0x800070 <T_work_incr+0x1>
 3fc:	80 93 6f 00 	sts	0x006F, r24	; 0x80006f <T_work_incr>
 400:	a4 cf       	rjmp	.-184    	; 0x34a <main+0x2d6>
 402:	20 91 62 00 	lds	r18, 0x0062	; 0x800062 <__data_end>
 406:	30 91 63 00 	lds	r19, 0x0063	; 0x800063 <__data_end+0x1>
 40a:	2a 31       	cpi	r18, 0x1A	; 26
 40c:	31 05       	cpc	r19, r1
 40e:	40 f3       	brcs	.-48     	; 0x3e0 <main+0x36c>
 410:	12 9f       	mul	r17, r18
 412:	c0 01       	movw	r24, r0
 414:	13 9f       	mul	r17, r19
 416:	90 0d       	add	r25, r0
 418:	11 24       	eor	r1, r1
 41a:	90 93 35 01 	sts	0x0135, r25	; 0x800135 <T_work+0x1>
 41e:	80 93 34 01 	sts	0x0134, r24	; 0x800134 <T_work>
 422:	85 cf       	rjmp	.-246    	; 0x32e <main+0x2ba>
 424:	80 91 60 00 	lds	r24, 0x0060	; 0x800060 <Hard_address>
 428:	90 91 61 00 	lds	r25, 0x0061	; 0x800061 <Hard_address+0x1>
 42c:	90 93 73 00 	sts	0x0073, r25	; 0x800073 <ModbusAdr+0x1>
 430:	80 93 72 00 	sts	0x0072, r24	; 0x800072 <ModbusAdr>
 434:	88 e0       	ldi	r24, 0x08	; 8
 436:	8d 83       	std	Y+5, r24	; 0x05
 438:	1f 82       	std	Y+7, r1	; 0x07
 43a:	1e 82       	std	Y+6, r1	; 0x06
 43c:	81 e0       	ldi	r24, 0x01	; 1
 43e:	88 87       	std	Y+8, r24	; 0x08
 440:	80 e8       	ldi	r24, 0x80	; 128
 442:	95 e2       	ldi	r25, 0x25	; 37
 444:	a0 e0       	ldi	r26, 0x00	; 0
 446:	b0 e0       	ldi	r27, 0x00	; 0
 448:	89 83       	std	Y+1, r24	; 0x01
 44a:	9a 83       	std	Y+2, r25	; 0x02
 44c:	ab 83       	std	Y+3, r26	; 0x03
 44e:	bc 83       	std	Y+4, r27	; 0x04
 450:	ab ce       	rjmp	.-682    	; 0x1a8 <main+0x134>

00000452 <__vector_1>:
 452:	1f 92       	push	r1
 454:	0f 92       	push	r0
 456:	0f b6       	in	r0, 0x3f	; 63
 458:	0f 92       	push	r0
 45a:	11 24       	eor	r1, r1
 45c:	8f 93       	push	r24
 45e:	81 e0       	ldi	r24, 0x01	; 1
 460:	80 93 74 00 	sts	0x0074, r24	; 0x800074 <IntFlagZero>
 464:	8f 91       	pop	r24
 466:	0f 90       	pop	r0
 468:	0f be       	out	0x3f, r0	; 63
 46a:	0f 90       	pop	r0
 46c:	1f 90       	pop	r1
 46e:	18 95       	reti

00000470 <__vector_6>:
 470:	1f 92       	push	r1
 472:	0f 92       	push	r0
 474:	0f b6       	in	r0, 0x3f	; 63
 476:	0f 92       	push	r0
 478:	11 24       	eor	r1, r1
 47a:	8f 93       	push	r24
 47c:	c1 98       	cbi	0x18, 1	; 24
 47e:	8e b5       	in	r24, 0x2e	; 46
 480:	8d 7f       	andi	r24, 0xFD	; 253
 482:	8e bd       	out	0x2e, r24	; 46
 484:	89 b7       	in	r24, 0x39	; 57
 486:	8f 7e       	andi	r24, 0xEF	; 239
 488:	89 bf       	out	0x39, r24	; 57
 48a:	1d bc       	out	0x2d, r1	; 45
 48c:	1c bc       	out	0x2c, r1	; 44
 48e:	8f 91       	pop	r24
 490:	0f 90       	pop	r0
 492:	0f be       	out	0x3f, r0	; 63
 494:	0f 90       	pop	r0
 496:	1f 90       	pop	r1
 498:	18 95       	reti

0000049a <__vector_9>:
 49a:	1f 92       	push	r1
 49c:	0f 92       	push	r0
 49e:	0f b6       	in	r0, 0x3f	; 63
 4a0:	0f 92       	push	r0
 4a2:	11 24       	eor	r1, r1
 4a4:	8f 93       	push	r24
 4a6:	81 e0       	ldi	r24, 0x01	; 1
 4a8:	80 93 6c 00 	sts	0x006C, r24	; 0x80006c <IntFlagMain>
 4ac:	a8 95       	wdr
 4ae:	8f 91       	pop	r24
 4b0:	0f 90       	pop	r0
 4b2:	0f be       	out	0x3f, r0	; 63
 4b4:	0f 90       	pop	r0
 4b6:	1f 90       	pop	r1
 4b8:	18 95       	reti

000004ba <__vector_14>:
 4ba:	1f 92       	push	r1
 4bc:	0f 92       	push	r0
 4be:	0f b6       	in	r0, 0x3f	; 63
 4c0:	0f 92       	push	r0
 4c2:	11 24       	eor	r1, r1
 4c4:	8f 93       	push	r24
 4c6:	9f 93       	push	r25
 4c8:	85 b1       	in	r24, 0x05	; 5
 4ca:	90 e0       	ldi	r25, 0x00	; 0
 4cc:	90 93 63 00 	sts	0x0063, r25	; 0x800063 <__data_end+0x1>
 4d0:	80 93 62 00 	sts	0x0062, r24	; 0x800062 <__data_end>
 4d4:	9f 91       	pop	r25
 4d6:	8f 91       	pop	r24
 4d8:	0f 90       	pop	r0
 4da:	0f be       	out	0x3f, r0	; 63
 4dc:	0f 90       	pop	r0
 4de:	1f 90       	pop	r1
 4e0:	18 95       	reti

000004e2 <__vector_11>:
 4e2:	1f 92       	push	r1
 4e4:	0f 92       	push	r0
 4e6:	0f b6       	in	r0, 0x3f	; 63
 4e8:	0f 92       	push	r0
 4ea:	11 24       	eor	r1, r1
 4ec:	8f 93       	push	r24
 4ee:	81 e0       	ldi	r24, 0x01	; 1
 4f0:	80 93 6d 00 	sts	0x006D, r24	; 0x80006d <IntFlagRecUART>
 4f4:	8c b1       	in	r24, 0x0c	; 12
 4f6:	80 93 6e 00 	sts	0x006E, r24	; 0x80006e <UDRbuf>
 4fa:	8f 91       	pop	r24
 4fc:	0f 90       	pop	r0
 4fe:	0f be       	out	0x3f, r0	; 63
 500:	0f 90       	pop	r0
 502:	1f 90       	pop	r1
 504:	18 95       	reti

00000506 <__vector_13>:
 506:	1f 92       	push	r1
 508:	0f 92       	push	r0
 50a:	0f b6       	in	r0, 0x3f	; 63
 50c:	0f 92       	push	r0
 50e:	11 24       	eor	r1, r1
 510:	8f 93       	push	r24
 512:	81 e0       	ldi	r24, 0x01	; 1
 514:	80 93 71 00 	sts	0x0071, r24	; 0x800071 <IntFlagTransUART>
 518:	8f 91       	pop	r24
 51a:	0f 90       	pop	r0
 51c:	0f be       	out	0x3f, r0	; 63
 51e:	0f 90       	pop	r0
 520:	1f 90       	pop	r1
 522:	18 95       	reti

00000524 <__vector_3>:
 524:	1f 92       	push	r1
 526:	0f 92       	push	r0
 528:	0f b6       	in	r0, 0x3f	; 63
 52a:	0f 92       	push	r0
 52c:	11 24       	eor	r1, r1
 52e:	8f 93       	push	r24
 530:	81 e0       	ldi	r24, 0x01	; 1
 532:	80 93 36 01 	sts	0x0136, r24	; 0x800136 <IntFlagEndMB>
 536:	8f 91       	pop	r24
 538:	0f 90       	pop	r0
 53a:	0f be       	out	0x3f, r0	; 63
 53c:	0f 90       	pop	r0
 53e:	1f 90       	pop	r1
 540:	18 95       	reti

00000542 <__vector_default>:
 542:	1f 92       	push	r1
 544:	0f 92       	push	r0
 546:	0f b6       	in	r0, 0x3f	; 63
 548:	0f 92       	push	r0
 54a:	11 24       	eor	r1, r1
 54c:	0f 90       	pop	r0
 54e:	0f be       	out	0x3f, r0	; 63
 550:	0f 90       	pop	r0
 552:	1f 90       	pop	r1
 554:	18 95       	reti

00000556 <UARTInit>:
 556:	8f 92       	push	r8
 558:	9f 92       	push	r9
 55a:	af 92       	push	r10
 55c:	bf 92       	push	r11
 55e:	ff 92       	push	r15
 560:	0f 93       	push	r16
 562:	1f 93       	push	r17
 564:	cf 93       	push	r28
 566:	df 93       	push	r29
 568:	cd b7       	in	r28, 0x3d	; 61
 56a:	de b7       	in	r29, 0x3e	; 62
 56c:	28 97       	sbiw	r28, 0x08	; 8
 56e:	0f b6       	in	r0, 0x3f	; 63
 570:	f8 94       	cli
 572:	de bf       	out	0x3e, r29	; 62
 574:	0f be       	out	0x3f, r0	; 63
 576:	cd bf       	out	0x3d, r28	; 61
 578:	29 83       	std	Y+1, r18	; 0x01
 57a:	3a 83       	std	Y+2, r19	; 0x02
 57c:	4b 83       	std	Y+3, r20	; 0x03
 57e:	5c 83       	std	Y+4, r21	; 0x04
 580:	f6 2e       	mov	r15, r22
 582:	6d 83       	std	Y+5, r22	; 0x05
 584:	7e 83       	std	Y+6, r23	; 0x06
 586:	8f 83       	std	Y+7, r24	; 0x07
 588:	98 87       	std	Y+8, r25	; 0x08
 58a:	89 80       	ldd	r8, Y+1	; 0x01
 58c:	9a 80       	ldd	r9, Y+2	; 0x02
 58e:	ab 80       	ldd	r10, Y+3	; 0x03
 590:	bc 80       	ldd	r11, Y+4	; 0x04
 592:	0e 81       	ldd	r16, Y+6	; 0x06
 594:	1f 81       	ldd	r17, Y+7	; 0x07
 596:	60 e0       	ldi	r22, 0x00	; 0
 598:	70 e1       	ldi	r23, 0x10	; 16
 59a:	8e e0       	ldi	r24, 0x0E	; 14
 59c:	90 e0       	ldi	r25, 0x00	; 0
 59e:	a5 01       	movw	r20, r10
 5a0:	94 01       	movw	r18, r8
 5a2:	8d d3       	rcall	.+1818   	; 0xcbe <__udivmodsi4>
 5a4:	da 01       	movw	r26, r20
 5a6:	c9 01       	movw	r24, r18
 5a8:	01 97       	sbiw	r24, 0x01	; 1
 5aa:	a1 09       	sbc	r26, r1
 5ac:	b1 09       	sbc	r27, r1
 5ae:	89 b9       	out	0x09, r24	; 9
 5b0:	89 2f       	mov	r24, r25
 5b2:	9a 2f       	mov	r25, r26
 5b4:	ab 2f       	mov	r26, r27
 5b6:	bb 27       	eor	r27, r27
 5b8:	80 bd       	out	0x20, r24	; 32
 5ba:	86 e0       	ldi	r24, 0x06	; 6
 5bc:	f8 16       	cp	r15, r24
 5be:	09 f4       	brne	.+2      	; 0x5c2 <UARTInit+0x6c>
 5c0:	81 c0       	rjmp	.+258    	; 0x6c4 <UARTInit+0x16e>
 5c2:	87 e0       	ldi	r24, 0x07	; 7
 5c4:	f8 16       	cp	r15, r24
 5c6:	09 f4       	brne	.+2      	; 0x5ca <UARTInit+0x74>
 5c8:	4b c0       	rjmp	.+150    	; 0x660 <UARTInit+0x10a>
 5ca:	88 e0       	ldi	r24, 0x08	; 8
 5cc:	f8 12       	cpse	r15, r24
 5ce:	8f c0       	rjmp	.+286    	; 0x6ee <UARTInit+0x198>
 5d0:	86 e8       	ldi	r24, 0x86	; 134
 5d2:	01 30       	cpi	r16, 0x01	; 1
 5d4:	11 05       	cpc	r17, r1
 5d6:	09 f4       	brne	.+2      	; 0x5da <UARTInit+0x84>
 5d8:	48 c0       	rjmp	.+144    	; 0x66a <UARTInit+0x114>
 5da:	02 30       	cpi	r16, 0x02	; 2
 5dc:	11 05       	cpc	r17, r1
 5de:	09 f4       	brne	.+2      	; 0x5e2 <UARTInit+0x8c>
 5e0:	7d c0       	rjmp	.+250    	; 0x6dc <UARTInit+0x186>
 5e2:	98 85       	ldd	r25, Y+8	; 0x08
 5e4:	92 30       	cpi	r25, 0x02	; 2
 5e6:	09 f4       	brne	.+2      	; 0x5ea <UARTInit+0x94>
 5e8:	45 c0       	rjmp	.+138    	; 0x674 <UARTInit+0x11e>
 5ea:	80 bd       	out	0x20, r24	; 32
 5ec:	53 9a       	sbi	0x0a, 3	; 10
 5ee:	54 9a       	sbi	0x0a, 4	; 10
 5f0:	57 9a       	sbi	0x0a, 7	; 10
 5f2:	8b 9a       	sbi	0x11, 3	; 17
 5f4:	60 e0       	ldi	r22, 0x00	; 0
 5f6:	70 e0       	ldi	r23, 0x00	; 0
 5f8:	83 ec       	ldi	r24, 0xC3	; 195
 5fa:	9e e1       	ldi	r25, 0x1E	; 30
 5fc:	a5 01       	movw	r20, r10
 5fe:	94 01       	movw	r18, r8
 600:	5e d3       	rcall	.+1724   	; 0xcbe <__udivmodsi4>
 602:	49 01       	movw	r8, r18
 604:	5a 01       	movw	r10, r20
 606:	ca 01       	movw	r24, r20
 608:	b9 01       	movw	r22, r18
 60a:	2f ef       	ldi	r18, 0xFF	; 255
 60c:	30 e0       	ldi	r19, 0x00	; 0
 60e:	40 e0       	ldi	r20, 0x00	; 0
 610:	50 e0       	ldi	r21, 0x00	; 0
 612:	55 d3       	rcall	.+1706   	; 0xcbe <__udivmodsi4>
 614:	21 30       	cpi	r18, 0x01	; 1
 616:	81 e0       	ldi	r24, 0x01	; 1
 618:	38 07       	cpc	r19, r24
 61a:	41 05       	cpc	r20, r1
 61c:	51 05       	cpc	r21, r1
 61e:	60 f5       	brcc	.+88     	; 0x678 <UARTInit+0x122>
 620:	85 b5       	in	r24, 0x25	; 37
 622:	21 38       	cpi	r18, 0x81	; 129
 624:	31 05       	cpc	r19, r1
 626:	41 05       	cpc	r20, r1
 628:	51 05       	cpc	r21, r1
 62a:	08 f0       	brcs	.+2      	; 0x62e <UARTInit+0xd8>
 62c:	4d c0       	rjmp	.+154    	; 0x6c8 <UARTInit+0x172>
 62e:	21 34       	cpi	r18, 0x41	; 65
 630:	31 05       	cpc	r19, r1
 632:	41 05       	cpc	r20, r1
 634:	51 05       	cpc	r21, r1
 636:	08 f0       	brcs	.+2      	; 0x63a <UARTInit+0xe4>
 638:	60 c0       	rjmp	.+192    	; 0x6fa <UARTInit+0x1a4>
 63a:	21 32       	cpi	r18, 0x21	; 33
 63c:	31 05       	cpc	r19, r1
 63e:	41 05       	cpc	r20, r1
 640:	51 05       	cpc	r21, r1
 642:	08 f0       	brcs	.+2      	; 0x646 <UARTInit+0xf0>
 644:	4d c0       	rjmp	.+154    	; 0x6e0 <UARTInit+0x18a>
 646:	29 30       	cpi	r18, 0x09	; 9
 648:	31 05       	cpc	r19, r1
 64a:	41 05       	cpc	r20, r1
 64c:	51 05       	cpc	r21, r1
 64e:	08 f0       	brcs	.+2      	; 0x652 <UARTInit+0xfc>
 650:	5e c0       	rjmp	.+188    	; 0x70e <UARTInit+0x1b8>
 652:	82 60       	ori	r24, 0x02	; 2
 654:	85 bd       	out	0x25, r24	; 37
 656:	28 e0       	ldi	r18, 0x08	; 8
 658:	30 e0       	ldi	r19, 0x00	; 0
 65a:	40 e0       	ldi	r20, 0x00	; 0
 65c:	50 e0       	ldi	r21, 0x00	; 0
 65e:	19 c0       	rjmp	.+50     	; 0x692 <UARTInit+0x13c>
 660:	84 e8       	ldi	r24, 0x84	; 132
 662:	01 30       	cpi	r16, 0x01	; 1
 664:	11 05       	cpc	r17, r1
 666:	09 f0       	breq	.+2      	; 0x66a <UARTInit+0x114>
 668:	b8 cf       	rjmp	.-144    	; 0x5da <UARTInit+0x84>
 66a:	80 62       	ori	r24, 0x20	; 32
 66c:	98 85       	ldd	r25, Y+8	; 0x08
 66e:	92 30       	cpi	r25, 0x02	; 2
 670:	09 f0       	breq	.+2      	; 0x674 <UARTInit+0x11e>
 672:	bb cf       	rjmp	.-138    	; 0x5ea <UARTInit+0x94>
 674:	88 60       	ori	r24, 0x08	; 8
 676:	b9 cf       	rjmp	.-142    	; 0x5ea <UARTInit+0x94>
 678:	85 b5       	in	r24, 0x25	; 37
 67a:	81 60       	ori	r24, 0x01	; 1
 67c:	85 bd       	out	0x25, r24	; 37
 67e:	85 b5       	in	r24, 0x25	; 37
 680:	82 60       	ori	r24, 0x02	; 2
 682:	85 bd       	out	0x25, r24	; 37
 684:	85 b5       	in	r24, 0x25	; 37
 686:	84 60       	ori	r24, 0x04	; 4
 688:	85 bd       	out	0x25, r24	; 37
 68a:	20 e0       	ldi	r18, 0x00	; 0
 68c:	34 e0       	ldi	r19, 0x04	; 4
 68e:	40 e0       	ldi	r20, 0x00	; 0
 690:	50 e0       	ldi	r21, 0x00	; 0
 692:	c5 01       	movw	r24, r10
 694:	b4 01       	movw	r22, r8
 696:	13 d3       	rcall	.+1574   	; 0xcbe <__udivmodsi4>
 698:	da 01       	movw	r26, r20
 69a:	c9 01       	movw	r24, r18
 69c:	01 96       	adiw	r24, 0x01	; 1
 69e:	a1 1d       	adc	r26, r1
 6a0:	b1 1d       	adc	r27, r1
 6a2:	83 bd       	out	0x23, r24	; 35
 6a4:	28 96       	adiw	r28, 0x08	; 8
 6a6:	0f b6       	in	r0, 0x3f	; 63
 6a8:	f8 94       	cli
 6aa:	de bf       	out	0x3e, r29	; 62
 6ac:	0f be       	out	0x3f, r0	; 63
 6ae:	cd bf       	out	0x3d, r28	; 61
 6b0:	df 91       	pop	r29
 6b2:	cf 91       	pop	r28
 6b4:	1f 91       	pop	r17
 6b6:	0f 91       	pop	r16
 6b8:	ff 90       	pop	r15
 6ba:	bf 90       	pop	r11
 6bc:	af 90       	pop	r10
 6be:	9f 90       	pop	r9
 6c0:	8f 90       	pop	r8
 6c2:	08 95       	ret
 6c4:	82 e8       	ldi	r24, 0x82	; 130
 6c6:	85 cf       	rjmp	.-246    	; 0x5d2 <UARTInit+0x7c>
 6c8:	82 60       	ori	r24, 0x02	; 2
 6ca:	85 bd       	out	0x25, r24	; 37
 6cc:	85 b5       	in	r24, 0x25	; 37
 6ce:	84 60       	ori	r24, 0x04	; 4
 6d0:	85 bd       	out	0x25, r24	; 37
 6d2:	20 e0       	ldi	r18, 0x00	; 0
 6d4:	31 e0       	ldi	r19, 0x01	; 1
 6d6:	40 e0       	ldi	r20, 0x00	; 0
 6d8:	50 e0       	ldi	r21, 0x00	; 0
 6da:	db cf       	rjmp	.-74     	; 0x692 <UARTInit+0x13c>
 6dc:	80 63       	ori	r24, 0x30	; 48
 6de:	81 cf       	rjmp	.-254    	; 0x5e2 <UARTInit+0x8c>
 6e0:	84 60       	ori	r24, 0x04	; 4
 6e2:	85 bd       	out	0x25, r24	; 37
 6e4:	20 e4       	ldi	r18, 0x40	; 64
 6e6:	30 e0       	ldi	r19, 0x00	; 0
 6e8:	40 e0       	ldi	r20, 0x00	; 0
 6ea:	50 e0       	ldi	r21, 0x00	; 0
 6ec:	d2 cf       	rjmp	.-92     	; 0x692 <UARTInit+0x13c>
 6ee:	89 e0       	ldi	r24, 0x09	; 9
 6f0:	f8 12       	cpse	r15, r24
 6f2:	17 c0       	rjmp	.+46     	; 0x722 <UARTInit+0x1cc>
 6f4:	52 9a       	sbi	0x0a, 2	; 10
 6f6:	86 e8       	ldi	r24, 0x86	; 134
 6f8:	6c cf       	rjmp	.-296    	; 0x5d2 <UARTInit+0x7c>
 6fa:	81 60       	ori	r24, 0x01	; 1
 6fc:	85 bd       	out	0x25, r24	; 37
 6fe:	85 b5       	in	r24, 0x25	; 37
 700:	84 60       	ori	r24, 0x04	; 4
 702:	85 bd       	out	0x25, r24	; 37
 704:	20 e8       	ldi	r18, 0x80	; 128
 706:	30 e0       	ldi	r19, 0x00	; 0
 708:	40 e0       	ldi	r20, 0x00	; 0
 70a:	50 e0       	ldi	r21, 0x00	; 0
 70c:	c2 cf       	rjmp	.-124    	; 0x692 <UARTInit+0x13c>
 70e:	81 60       	ori	r24, 0x01	; 1
 710:	85 bd       	out	0x25, r24	; 37
 712:	85 b5       	in	r24, 0x25	; 37
 714:	82 60       	ori	r24, 0x02	; 2
 716:	85 bd       	out	0x25, r24	; 37
 718:	20 e2       	ldi	r18, 0x20	; 32
 71a:	30 e0       	ldi	r19, 0x00	; 0
 71c:	40 e0       	ldi	r20, 0x00	; 0
 71e:	50 e0       	ldi	r21, 0x00	; 0
 720:	b8 cf       	rjmp	.-144    	; 0x692 <UARTInit+0x13c>
 722:	80 e8       	ldi	r24, 0x80	; 128
 724:	56 cf       	rjmp	.-340    	; 0x5d2 <UARTInit+0x7c>

00000726 <UARTRec>:
 726:	14 bc       	out	0x24, r1	; 36
 728:	fc 01       	movw	r30, r24
 72a:	ea 59       	subi	r30, 0x9A	; 154
 72c:	ff 4f       	sbci	r31, 0xFF	; 255
 72e:	20 81       	ld	r18, Z
 730:	22 23       	and	r18, r18
 732:	69 f0       	breq	.+26     	; 0x74e <UARTRec+0x28>
 734:	10 82       	st	Z, r1
 736:	dc 01       	movw	r26, r24
 738:	6c 93       	st	X, r22
 73a:	32 97       	sbiw	r30, 0x02	; 2
 73c:	21 e0       	ldi	r18, 0x01	; 1
 73e:	20 83       	st	Z, r18
 740:	88 b7       	in	r24, 0x38	; 56
 742:	80 68       	ori	r24, 0x80	; 128
 744:	88 bf       	out	0x38, r24	; 56
 746:	89 b7       	in	r24, 0x39	; 57
 748:	80 68       	ori	r24, 0x80	; 128
 74a:	89 bf       	out	0x39, r24	; 57
 74c:	08 95       	ret
 74e:	fc 01       	movw	r30, r24
 750:	ec 59       	subi	r30, 0x9C	; 156
 752:	ff 4f       	sbci	r31, 0xFF	; 255
 754:	20 81       	ld	r18, Z
 756:	24 36       	cpi	r18, 0x64	; 100
 758:	28 f0       	brcs	.+10     	; 0x764 <UARTRec+0x3e>
 75a:	dc 01       	movw	r26, r24
 75c:	6c 93       	st	X, r22
 75e:	81 e0       	ldi	r24, 0x01	; 1
 760:	80 83       	st	Z, r24
 762:	ee cf       	rjmp	.-36     	; 0x740 <UARTRec+0x1a>
 764:	31 e0       	ldi	r19, 0x01	; 1
 766:	32 0f       	add	r19, r18
 768:	dc 01       	movw	r26, r24
 76a:	a2 0f       	add	r26, r18
 76c:	b1 1d       	adc	r27, r1
 76e:	6c 93       	st	X, r22
 770:	30 83       	st	Z, r19
 772:	31 30       	cpi	r19, 0x01	; 1
 774:	29 f3       	breq	.-54     	; 0x740 <UARTRec+0x1a>
 776:	08 95       	ret

00000778 <UARTNextByTrans>:
 778:	cf 93       	push	r28
 77a:	df 93       	push	r29
 77c:	fc 01       	movw	r30, r24
 77e:	eb 59       	subi	r30, 0x9B	; 155
 780:	ff 4f       	sbci	r31, 0xFF	; 255
 782:	20 81       	ld	r18, Z
 784:	21 11       	cpse	r18, r1
 786:	0b c0       	rjmp	.+22     	; 0x79e <UARTNextByTrans+0x26>
 788:	fc 01       	movw	r30, r24
 78a:	ec 59       	subi	r30, 0x9C	; 156
 78c:	ff 4f       	sbci	r31, 0xFF	; 255
 78e:	10 82       	st	Z, r1
 790:	32 96       	adiw	r30, 0x02	; 2
 792:	10 82       	st	Z, r1
 794:	93 98       	cbi	0x12, 3	; 18
 796:	56 98       	cbi	0x0a, 6	; 10
 798:	df 91       	pop	r29
 79a:	cf 91       	pop	r28
 79c:	08 95       	ret
 79e:	dc 01       	movw	r26, r24
 7a0:	ac 59       	subi	r26, 0x9C	; 156
 7a2:	bf 4f       	sbci	r27, 0xFF	; 255
 7a4:	2c 91       	ld	r18, X
 7a6:	ec 01       	movw	r28, r24
 7a8:	c2 0f       	add	r28, r18
 7aa:	d1 1d       	adc	r29, r1
 7ac:	88 81       	ld	r24, Y
 7ae:	8c b9       	out	0x0c, r24	; 12
 7b0:	8c 91       	ld	r24, X
 7b2:	8f 5f       	subi	r24, 0xFF	; 255
 7b4:	8c 93       	st	X, r24
 7b6:	80 81       	ld	r24, Z
 7b8:	81 50       	subi	r24, 0x01	; 1
 7ba:	80 83       	st	Z, r24
 7bc:	df 91       	pop	r29
 7be:	cf 91       	pop	r28
 7c0:	08 95       	ret

000007c2 <UARTStartByRec>:
 7c2:	fc 01       	movw	r30, r24
 7c4:	eb 59       	subi	r30, 0x9B	; 155
 7c6:	ff 4f       	sbci	r31, 0xFF	; 255
 7c8:	20 81       	ld	r18, Z
 7ca:	22 23       	and	r18, r18
 7cc:	69 f0       	breq	.+26     	; 0x7e8 <UARTStartByRec+0x26>
 7ce:	93 9a       	sbi	0x12, 3	; 18
 7d0:	dc 01       	movw	r26, r24
 7d2:	ac 59       	subi	r26, 0x9C	; 156
 7d4:	bf 4f       	sbci	r27, 0xFF	; 255
 7d6:	21 e0       	ldi	r18, 0x01	; 1
 7d8:	2c 93       	st	X, r18
 7da:	20 81       	ld	r18, Z
 7dc:	21 50       	subi	r18, 0x01	; 1
 7de:	20 83       	st	Z, r18
 7e0:	56 9a       	sbi	0x0a, 6	; 10
 7e2:	fc 01       	movw	r30, r24
 7e4:	80 81       	ld	r24, Z
 7e6:	8c b9       	out	0x0c, r24	; 12
 7e8:	08 95       	ret

000007ea <UARTendMB>:
 7ea:	14 bc       	out	0x24, r1	; 36
 7ec:	29 b7       	in	r18, 0x39	; 57
 7ee:	2f 77       	andi	r18, 0x7F	; 127
 7f0:	29 bf       	out	0x39, r18	; 57
 7f2:	8a 59       	subi	r24, 0x9A	; 154
 7f4:	9f 4f       	sbci	r25, 0xFF	; 255
 7f6:	21 e0       	ldi	r18, 0x01	; 1
 7f8:	fc 01       	movw	r30, r24
 7fa:	20 83       	st	Z, r18
 7fc:	08 95       	ret

000007fe <MBSlave>:
 7fe:	2f 92       	push	r2
 800:	3f 92       	push	r3
 802:	4f 92       	push	r4
 804:	5f 92       	push	r5
 806:	6f 92       	push	r6
 808:	7f 92       	push	r7
 80a:	8f 92       	push	r8
 80c:	9f 92       	push	r9
 80e:	af 92       	push	r10
 810:	bf 92       	push	r11
 812:	cf 92       	push	r12
 814:	df 92       	push	r13
 816:	ef 92       	push	r14
 818:	ff 92       	push	r15
 81a:	0f 93       	push	r16
 81c:	1f 93       	push	r17
 81e:	cf 93       	push	r28
 820:	df 93       	push	r29
 822:	cd b7       	in	r28, 0x3d	; 61
 824:	de b7       	in	r29, 0x3e	; 62
 826:	2e 97       	sbiw	r28, 0x0e	; 14
 828:	0f b6       	in	r0, 0x3f	; 63
 82a:	f8 94       	cli
 82c:	de bf       	out	0x3e, r29	; 62
 82e:	0f be       	out	0x3f, r0	; 63
 830:	cd bf       	out	0x3d, r28	; 61
 832:	fc 01       	movw	r30, r24
 834:	84 2e       	mov	r8, r20
 836:	40 e0       	ldi	r20, 0x00	; 0
 838:	50 e0       	ldi	r21, 0x00	; 0
 83a:	a1 2c       	mov	r10, r1
 83c:	b1 2c       	mov	r11, r1
 83e:	21 2c       	mov	r2, r1
 840:	31 2c       	mov	r3, r1
 842:	20 e0       	ldi	r18, 0x00	; 0
 844:	30 e0       	ldi	r19, 0x00	; 0
 846:	2c 01       	movw	r4, r24
 848:	85 e6       	ldi	r24, 0x65	; 101
 84a:	48 0e       	add	r4, r24
 84c:	51 1c       	adc	r5, r1
 84e:	3f 01       	movw	r6, r30
 850:	94 e6       	ldi	r25, 0x64	; 100
 852:	69 0e       	add	r6, r25
 854:	71 1c       	adc	r7, r1
 856:	df 01       	movw	r26, r30
 858:	aa 59       	subi	r26, 0x9A	; 154
 85a:	bf 4f       	sbci	r27, 0xFF	; 255
 85c:	bc 87       	std	Y+12, r27	; 0x0c
 85e:	ab 87       	std	Y+11, r26	; 0x0b
 860:	4b 30       	cpi	r20, 0x0B	; 11
 862:	51 05       	cpc	r21, r1
 864:	e0 f0       	brcs	.+56     	; 0x89e <MBSlave+0xa0>
 866:	4b 30       	cpi	r20, 0x0B	; 11
 868:	51 05       	cpc	r21, r1
 86a:	d1 f7       	brne	.-12     	; 0x860 <MBSlave+0x62>
 86c:	2e 96       	adiw	r28, 0x0e	; 14
 86e:	0f b6       	in	r0, 0x3f	; 63
 870:	f8 94       	cli
 872:	de bf       	out	0x3e, r29	; 62
 874:	0f be       	out	0x3f, r0	; 63
 876:	cd bf       	out	0x3d, r28	; 61
 878:	df 91       	pop	r29
 87a:	cf 91       	pop	r28
 87c:	1f 91       	pop	r17
 87e:	0f 91       	pop	r16
 880:	ff 90       	pop	r15
 882:	ef 90       	pop	r14
 884:	df 90       	pop	r13
 886:	cf 90       	pop	r12
 888:	bf 90       	pop	r11
 88a:	af 90       	pop	r10
 88c:	9f 90       	pop	r9
 88e:	8f 90       	pop	r8
 890:	7f 90       	pop	r7
 892:	6f 90       	pop	r6
 894:	5f 90       	pop	r5
 896:	4f 90       	pop	r4
 898:	3f 90       	pop	r3
 89a:	2f 90       	pop	r2
 89c:	08 95       	ret
 89e:	ca 01       	movw	r24, r20
 8a0:	8d 5e       	subi	r24, 0xED	; 237
 8a2:	9f 4f       	sbci	r25, 0xFF	; 255
 8a4:	8f 93       	push	r24
 8a6:	9f 93       	push	r25
 8a8:	08 95       	ret
 8aa:	21 15       	cp	r18, r1
 8ac:	31 05       	cpc	r19, r1
 8ae:	b9 f0       	breq	.+46     	; 0x8de <MBSlave+0xe0>
 8b0:	ae 01       	movw	r20, r28
 8b2:	4f 5f       	subi	r20, 0xFF	; 255
 8b4:	5f 4f       	sbci	r21, 0xFF	; 255
 8b6:	79 01       	movw	r14, r18
 8b8:	ea 0c       	add	r14, r10
 8ba:	fb 1c       	adc	r15, r11
 8bc:	c5 01       	movw	r24, r10
 8be:	da 01       	movw	r26, r20
 8c0:	0d 91       	ld	r16, X+
 8c2:	1d 91       	ld	r17, X+
 8c4:	ad 01       	movw	r20, r26
 8c6:	dc 01       	movw	r26, r24
 8c8:	aa 0f       	add	r26, r26
 8ca:	bb 1f       	adc	r27, r27
 8cc:	a6 0f       	add	r26, r22
 8ce:	b7 1f       	adc	r27, r23
 8d0:	11 96       	adiw	r26, 0x01	; 1
 8d2:	1c 93       	st	X, r17
 8d4:	0e 93       	st	-X, r16
 8d6:	01 96       	adiw	r24, 0x01	; 1
 8d8:	e8 16       	cp	r14, r24
 8da:	f9 06       	cpc	r15, r25
 8dc:	81 f7       	brne	.-32     	; 0x8be <MBSlave+0xc0>
 8de:	80 81       	ld	r24, Z
 8e0:	88 23       	and	r24, r24
 8e2:	09 f4       	brne	.+2      	; 0x8e6 <MBSlave+0xe8>
 8e4:	f2 c0       	rjmp	.+484    	; 0xaca <MBSlave+0x2cc>
 8e6:	86 e0       	ldi	r24, 0x06	; 6
 8e8:	d2 01       	movw	r26, r4
 8ea:	8c 93       	st	X, r24
 8ec:	4a e0       	ldi	r20, 0x0A	; 10
 8ee:	50 e0       	ldi	r21, 0x00	; 0
 8f0:	b7 cf       	rjmp	.-146    	; 0x860 <MBSlave+0x62>
 8f2:	80 81       	ld	r24, Z
 8f4:	88 23       	and	r24, r24
 8f6:	09 f4       	brne	.+2      	; 0x8fa <MBSlave+0xfc>
 8f8:	e8 c0       	rjmp	.+464    	; 0xaca <MBSlave+0x2cc>
 8fa:	82 2f       	mov	r24, r18
 8fc:	88 0f       	add	r24, r24
 8fe:	82 83       	std	Z+2, r24	; 0x02
 900:	21 15       	cp	r18, r1
 902:	31 05       	cpc	r19, r1
 904:	e9 f0       	breq	.+58     	; 0x940 <MBSlave+0x142>
 906:	df 01       	movw	r26, r30
 908:	79 01       	movw	r14, r18
 90a:	ea 0c       	add	r14, r10
 90c:	fb 1c       	adc	r15, r11
 90e:	c5 01       	movw	r24, r10
 910:	6f 01       	movw	r12, r30
 912:	ac 01       	movw	r20, r24
 914:	44 0f       	add	r20, r20
 916:	55 1f       	adc	r21, r21
 918:	46 0f       	add	r20, r22
 91a:	57 1f       	adc	r21, r23
 91c:	fa 01       	movw	r30, r20
 91e:	02 8d       	ldd	r16, Z+26	; 0x1a
 920:	13 8d       	ldd	r17, Z+27	; 0x1b
 922:	13 96       	adiw	r26, 0x03	; 3
 924:	1c 93       	st	X, r17
 926:	13 97       	sbiw	r26, 0x03	; 3
 928:	42 8d       	ldd	r20, Z+26	; 0x1a
 92a:	53 8d       	ldd	r21, Z+27	; 0x1b
 92c:	14 96       	adiw	r26, 0x04	; 4
 92e:	4c 93       	st	X, r20
 930:	14 97       	sbiw	r26, 0x04	; 4
 932:	01 96       	adiw	r24, 0x01	; 1
 934:	12 96       	adiw	r26, 0x02	; 2
 936:	e8 16       	cp	r14, r24
 938:	f9 06       	cpc	r15, r25
 93a:	59 f7       	brne	.-42     	; 0x912 <MBSlave+0x114>
 93c:	f6 01       	movw	r30, r12
 93e:	82 81       	ldd	r24, Z+2	; 0x02
 940:	8d 5f       	subi	r24, 0xFD	; 253
 942:	d2 01       	movw	r26, r4
 944:	8c 93       	st	X, r24
 946:	4a e0       	ldi	r20, 0x0A	; 10
 948:	50 e0       	ldi	r21, 0x00	; 0
 94a:	8a cf       	rjmp	.-236    	; 0x860 <MBSlave+0x62>
 94c:	80 81       	ld	r24, Z
 94e:	88 23       	and	r24, r24
 950:	09 f4       	brne	.+2      	; 0x954 <MBSlave+0x156>
 952:	bb c0       	rjmp	.+374    	; 0xaca <MBSlave+0x2cc>
 954:	81 81       	ldd	r24, Z+1	; 0x01
 956:	80 68       	ori	r24, 0x80	; 128
 958:	81 83       	std	Z+1, r24	; 0x01
 95a:	22 82       	std	Z+2, r2	; 0x02
 95c:	83 e0       	ldi	r24, 0x03	; 3
 95e:	d2 01       	movw	r26, r4
 960:	8c 93       	st	X, r24
 962:	4a e0       	ldi	r20, 0x0A	; 10
 964:	50 e0       	ldi	r21, 0x00	; 0
 966:	7c cf       	rjmp	.-264    	; 0x860 <MBSlave+0x62>
 968:	d3 01       	movw	r26, r6
 96a:	1c 91       	ld	r17, X
 96c:	5e ef       	ldi	r21, 0xFE	; 254
 96e:	51 0f       	add	r21, r17
 970:	df 01       	movw	r26, r30
 972:	8f ef       	ldi	r24, 0xFF	; 255
 974:	9f ef       	ldi	r25, 0xFF	; 255
 976:	4d 91       	ld	r20, X+
 978:	84 27       	eor	r24, r20
 97a:	48 2f       	mov	r20, r24
 97c:	42 95       	swap	r20
 97e:	48 27       	eor	r20, r24
 980:	04 2e       	mov	r0, r20
 982:	46 95       	lsr	r20
 984:	46 95       	lsr	r20
 986:	40 25       	eor	r20, r0
 988:	04 2e       	mov	r0, r20
 98a:	46 95       	lsr	r20
 98c:	40 25       	eor	r20, r0
 98e:	47 70       	andi	r20, 0x07	; 7
 990:	08 2e       	mov	r0, r24
 992:	89 2f       	mov	r24, r25
 994:	46 95       	lsr	r20
 996:	07 94       	ror	r0
 998:	47 95       	ror	r20
 99a:	90 2d       	mov	r25, r0
 99c:	84 27       	eor	r24, r20
 99e:	06 94       	lsr	r0
 9a0:	47 95       	ror	r20
 9a2:	90 25       	eor	r25, r0
 9a4:	84 27       	eor	r24, r20
 9a6:	51 50       	subi	r21, 0x01	; 1
 9a8:	31 f7       	brne	.-52     	; 0x976 <MBSlave+0x178>
 9aa:	af 01       	movw	r20, r30
 9ac:	41 0f       	add	r20, r17
 9ae:	51 1d       	adc	r21, r1
 9b0:	da 01       	movw	r26, r20
 9b2:	12 97       	sbiw	r26, 0x02	; 2
 9b4:	ac 91       	ld	r26, X
 9b6:	a8 17       	cp	r26, r24
 9b8:	09 f4       	brne	.+2      	; 0x9bc <MBSlave+0x1be>
 9ba:	92 c0       	rjmp	.+292    	; 0xae0 <MBSlave+0x2e2>
 9bc:	ea 59       	subi	r30, 0x9A	; 154
 9be:	ff 4f       	sbci	r31, 0xFF	; 255
 9c0:	10 82       	st	Z, r1
 9c2:	f3 01       	movw	r30, r6
 9c4:	10 82       	st	Z, r1
 9c6:	52 cf       	rjmp	.-348    	; 0x86c <MBSlave+0x6e>
 9c8:	81 81       	ldd	r24, Z+1	; 0x01
 9ca:	80 31       	cpi	r24, 0x10	; 16
 9cc:	09 f4       	brne	.+2      	; 0x9d0 <MBSlave+0x1d2>
 9ce:	b0 c0       	rjmp	.+352    	; 0xb30 <MBSlave+0x332>
 9d0:	46 e0       	ldi	r20, 0x06	; 6
 9d2:	50 e0       	ldi	r21, 0x00	; 0
 9d4:	45 cf       	rjmp	.-374    	; 0x860 <MBSlave+0x62>
 9d6:	80 81       	ld	r24, Z
 9d8:	88 15       	cp	r24, r8
 9da:	11 f0       	breq	.+4      	; 0x9e0 <MBSlave+0x1e2>
 9dc:	81 11       	cpse	r24, r1
 9de:	75 c0       	rjmp	.+234    	; 0xaca <MBSlave+0x2cc>
 9e0:	43 e0       	ldi	r20, 0x03	; 3
 9e2:	50 e0       	ldi	r21, 0x00	; 0
 9e4:	3d cf       	rjmp	.-390    	; 0x860 <MBSlave+0x62>
 9e6:	a2 80       	ldd	r10, Z+2	; 0x02
 9e8:	b1 2c       	mov	r11, r1
 9ea:	ba 2c       	mov	r11, r10
 9ec:	aa 24       	eor	r10, r10
 9ee:	83 81       	ldd	r24, Z+3	; 0x03
 9f0:	a8 0e       	add	r10, r24
 9f2:	b1 1c       	adc	r11, r1
 9f4:	24 81       	ldd	r18, Z+4	; 0x04
 9f6:	30 e0       	ldi	r19, 0x00	; 0
 9f8:	32 2f       	mov	r19, r18
 9fa:	22 27       	eor	r18, r18
 9fc:	85 81       	ldd	r24, Z+5	; 0x05
 9fe:	28 0f       	add	r18, r24
 a00:	31 1d       	adc	r19, r1
 a02:	c5 01       	movw	r24, r10
 a04:	82 0f       	add	r24, r18
 a06:	93 1f       	adc	r25, r19
 a08:	8c 01       	movw	r16, r24
 a0a:	01 50       	subi	r16, 0x01	; 1
 a0c:	11 09       	sbc	r17, r1
 a0e:	81 81       	ldd	r24, Z+1	; 0x01
 a10:	80 31       	cpi	r24, 0x10	; 16
 a12:	09 f4       	brne	.+2      	; 0xa16 <MBSlave+0x218>
 a14:	78 c0       	rjmp	.+240    	; 0xb06 <MBSlave+0x308>
 a16:	83 30       	cpi	r24, 0x03	; 3
 a18:	09 f0       	breq	.+2      	; 0xa1c <MBSlave+0x21e>
 a1a:	22 cf       	rjmp	.-444    	; 0x860 <MBSlave+0x62>
 a1c:	d3 01       	movw	r26, r6
 a1e:	8c 91       	ld	r24, X
 a20:	88 30       	cpi	r24, 0x08	; 8
 a22:	09 f4       	brne	.+2      	; 0xa26 <MBSlave+0x228>
 a24:	cf c0       	rjmp	.+414    	; 0xbc4 <MBSlave+0x3c6>
 a26:	ab 85       	ldd	r26, Y+11	; 0x0b
 a28:	bc 85       	ldd	r27, Y+12	; 0x0c
 a2a:	1c 92       	st	X, r1
 a2c:	d3 01       	movw	r26, r6
 a2e:	1c 92       	st	X, r1
 a30:	46 e0       	ldi	r20, 0x06	; 6
 a32:	50 e0       	ldi	r21, 0x00	; 0
 a34:	15 cf       	rjmp	.-470    	; 0x860 <MBSlave+0x62>
 a36:	81 81       	ldd	r24, Z+1	; 0x01
 a38:	83 30       	cpi	r24, 0x03	; 3
 a3a:	09 f4       	brne	.+2      	; 0xa3e <MBSlave+0x240>
 a3c:	4e c0       	rjmp	.+156    	; 0xada <MBSlave+0x2dc>
 a3e:	80 31       	cpi	r24, 0x10	; 16
 a40:	09 f4       	brne	.+2      	; 0xa44 <MBSlave+0x246>
 a42:	4b c0       	rjmp	.+150    	; 0xada <MBSlave+0x2dc>
 a44:	46 e0       	ldi	r20, 0x06	; 6
 a46:	50 e0       	ldi	r21, 0x00	; 0
 a48:	22 24       	eor	r2, r2
 a4a:	23 94       	inc	r2
 a4c:	31 2c       	mov	r3, r1
 a4e:	08 cf       	rjmp	.-496    	; 0x860 <MBSlave+0x62>
 a50:	ab 85       	ldd	r26, Y+11	; 0x0b
 a52:	bc 85       	ldd	r27, Y+12	; 0x0c
 a54:	8c 91       	ld	r24, X
 a56:	88 23       	and	r24, r24
 a58:	09 f4       	brne	.+2      	; 0xa5c <MBSlave+0x25e>
 a5a:	08 cf       	rjmp	.-496    	; 0x86c <MBSlave+0x6e>
 a5c:	41 e0       	ldi	r20, 0x01	; 1
 a5e:	50 e0       	ldi	r21, 0x00	; 0
 a60:	ff ce       	rjmp	.-514    	; 0x860 <MBSlave+0x62>
 a62:	d3 01       	movw	r26, r6
 a64:	8c 91       	ld	r24, X
 a66:	88 30       	cpi	r24, 0x08	; 8
 a68:	08 f4       	brcc	.+2      	; 0xa6c <MBSlave+0x26e>
 a6a:	a8 cf       	rjmp	.-176    	; 0x9bc <MBSlave+0x1be>
 a6c:	42 e0       	ldi	r20, 0x02	; 2
 a6e:	50 e0       	ldi	r21, 0x00	; 0
 a70:	f7 ce       	rjmp	.-530    	; 0x860 <MBSlave+0x62>
 a72:	bf 01       	movw	r22, r30
 a74:	6b 59       	subi	r22, 0x9B	; 155
 a76:	7f 4f       	sbci	r23, 0xFF	; 255
 a78:	db 01       	movw	r26, r22
 a7a:	4c 91       	ld	r20, X
 a7c:	df 01       	movw	r26, r30
 a7e:	34 2f       	mov	r19, r20
 a80:	8f ef       	ldi	r24, 0xFF	; 255
 a82:	9f ef       	ldi	r25, 0xFF	; 255
 a84:	2d 91       	ld	r18, X+
 a86:	82 27       	eor	r24, r18
 a88:	28 2f       	mov	r18, r24
 a8a:	22 95       	swap	r18
 a8c:	28 27       	eor	r18, r24
 a8e:	02 2e       	mov	r0, r18
 a90:	26 95       	lsr	r18
 a92:	26 95       	lsr	r18
 a94:	20 25       	eor	r18, r0
 a96:	02 2e       	mov	r0, r18
 a98:	26 95       	lsr	r18
 a9a:	20 25       	eor	r18, r0
 a9c:	27 70       	andi	r18, 0x07	; 7
 a9e:	08 2e       	mov	r0, r24
 aa0:	89 2f       	mov	r24, r25
 aa2:	26 95       	lsr	r18
 aa4:	07 94       	ror	r0
 aa6:	27 95       	ror	r18
 aa8:	90 2d       	mov	r25, r0
 aaa:	82 27       	eor	r24, r18
 aac:	06 94       	lsr	r0
 aae:	27 95       	ror	r18
 ab0:	90 25       	eor	r25, r0
 ab2:	82 27       	eor	r24, r18
 ab4:	31 50       	subi	r19, 0x01	; 1
 ab6:	31 f7       	brne	.-52     	; 0xa84 <MBSlave+0x286>
 ab8:	df 01       	movw	r26, r30
 aba:	a4 0f       	add	r26, r20
 abc:	b1 1d       	adc	r27, r1
 abe:	8c 93       	st	X, r24
 ac0:	11 96       	adiw	r26, 0x01	; 1
 ac2:	9c 93       	st	X, r25
 ac4:	4e 5f       	subi	r20, 0xFE	; 254
 ac6:	db 01       	movw	r26, r22
 ac8:	4c 93       	st	X, r20
 aca:	df 01       	movw	r26, r30
 acc:	aa 59       	subi	r26, 0x9A	; 154
 ace:	bf 4f       	sbci	r27, 0xFF	; 255
 ad0:	1c 92       	st	X, r1
 ad2:	ec 59       	subi	r30, 0x9C	; 156
 ad4:	ff 4f       	sbci	r31, 0xFF	; 255
 ad6:	10 82       	st	Z, r1
 ad8:	c9 ce       	rjmp	.-622    	; 0x86c <MBSlave+0x6e>
 ada:	44 e0       	ldi	r20, 0x04	; 4
 adc:	50 e0       	ldi	r21, 0x00	; 0
 ade:	c0 ce       	rjmp	.-640    	; 0x860 <MBSlave+0x62>
 ae0:	da 01       	movw	r26, r20
 ae2:	11 97       	sbiw	r26, 0x01	; 1
 ae4:	8c 91       	ld	r24, X
 ae6:	89 13       	cpse	r24, r25
 ae8:	69 cf       	rjmp	.-302    	; 0x9bc <MBSlave+0x1be>
 aea:	21 14       	cp	r2, r1
 aec:	31 04       	cpc	r3, r1
 aee:	09 f0       	breq	.+2      	; 0xaf2 <MBSlave+0x2f4>
 af0:	73 c0       	rjmp	.+230    	; 0xbd8 <MBSlave+0x3da>
 af2:	81 81       	ldd	r24, Z+1	; 0x01
 af4:	83 30       	cpi	r24, 0x03	; 3
 af6:	09 f4       	brne	.+2      	; 0xafa <MBSlave+0x2fc>
 af8:	75 c0       	rjmp	.+234    	; 0xbe4 <MBSlave+0x3e6>
 afa:	80 31       	cpi	r24, 0x10	; 16
 afc:	09 f0       	breq	.+2      	; 0xb00 <MBSlave+0x302>
 afe:	b6 ce       	rjmp	.-660    	; 0x86c <MBSlave+0x6e>
 b00:	49 e0       	ldi	r20, 0x09	; 9
 b02:	50 e0       	ldi	r21, 0x00	; 0
 b04:	ad ce       	rjmp	.-678    	; 0x860 <MBSlave+0x62>
 b06:	d3 01       	movw	r26, r6
 b08:	4c 91       	ld	r20, X
 b0a:	50 e0       	ldi	r21, 0x00	; 0
 b0c:	c9 01       	movw	r24, r18
 b0e:	88 0f       	add	r24, r24
 b10:	99 1f       	adc	r25, r25
 b12:	09 96       	adiw	r24, 0x09	; 9
 b14:	48 17       	cp	r20, r24
 b16:	59 07       	cpc	r21, r25
 b18:	09 f0       	breq	.+2      	; 0xb1c <MBSlave+0x31e>
 b1a:	50 cf       	rjmp	.-352    	; 0x9bc <MBSlave+0x1be>
 b1c:	0d 30       	cpi	r16, 0x0D	; 13
 b1e:	11 05       	cpc	r17, r1
 b20:	08 f4       	brcc	.+2      	; 0xb24 <MBSlave+0x326>
 b22:	5d c0       	rjmp	.+186    	; 0xbde <MBSlave+0x3e0>
 b24:	46 e0       	ldi	r20, 0x06	; 6
 b26:	50 e0       	ldi	r21, 0x00	; 0
 b28:	82 e0       	ldi	r24, 0x02	; 2
 b2a:	28 2e       	mov	r2, r24
 b2c:	31 2c       	mov	r3, r1
 b2e:	98 ce       	rjmp	.-720    	; 0x860 <MBSlave+0x62>
 b30:	21 15       	cp	r18, r1
 b32:	31 05       	cpc	r19, r1
 b34:	09 f4       	brne	.+2      	; 0xb38 <MBSlave+0x33a>
 b36:	4c cf       	rjmp	.-360    	; 0x9d0 <MBSlave+0x1d2>
 b38:	df 01       	movw	r26, r30
 b3a:	8e 01       	movw	r16, r28
 b3c:	0f 5f       	subi	r16, 0xFF	; 255
 b3e:	1f 4f       	sbci	r17, 0xFF	; 255
 b40:	a5 01       	movw	r20, r10
 b42:	44 0f       	add	r20, r20
 b44:	55 1f       	adc	r21, r21
 b46:	46 0f       	add	r20, r22
 b48:	57 1f       	adc	r21, r23
 b4a:	69 01       	movw	r12, r18
 b4c:	cc 0c       	add	r12, r12
 b4e:	dd 1c       	adc	r13, r13
 b50:	ce 0e       	add	r12, r30
 b52:	df 1e       	adc	r13, r31
 b54:	99 24       	eor	r9, r9
 b56:	93 94       	inc	r9
 b58:	fe 87       	std	Y+14, r31	; 0x0e
 b5a:	ed 87       	std	Y+13, r30	; 0x0d
 b5c:	17 96       	adiw	r26, 0x07	; 7
 b5e:	8c 91       	ld	r24, X
 b60:	17 97       	sbiw	r26, 0x07	; 7
 b62:	90 e0       	ldi	r25, 0x00	; 0
 b64:	98 2f       	mov	r25, r24
 b66:	88 27       	eor	r24, r24
 b68:	18 96       	adiw	r26, 0x08	; 8
 b6a:	fc 90       	ld	r15, X
 b6c:	18 97       	sbiw	r26, 0x08	; 8
 b6e:	8f 0d       	add	r24, r15
 b70:	91 1d       	adc	r25, r1
 b72:	f8 01       	movw	r30, r16
 b74:	81 93       	st	Z+, r24
 b76:	91 93       	st	Z+, r25
 b78:	8f 01       	movw	r16, r30
 b7a:	99 20       	and	r9, r9
 b7c:	79 f0       	breq	.+30     	; 0xb9c <MBSlave+0x39e>
 b7e:	fa 01       	movw	r30, r20
 b80:	e4 a0       	ldd	r14, Z+36	; 0x24
 b82:	f5 a0       	ldd	r15, Z+37	; 0x25
 b84:	8e 15       	cp	r24, r14
 b86:	9f 05       	cpc	r25, r15
 b88:	c8 f0       	brcs	.+50     	; 0xbbc <MBSlave+0x3be>
 b8a:	e6 ac       	ldd	r14, Z+62	; 0x3e
 b8c:	f7 ac       	ldd	r15, Z+63	; 0x3f
 b8e:	e8 16       	cp	r14, r24
 b90:	f9 06       	cpc	r15, r25
 b92:	20 f4       	brcc	.+8      	; 0xb9c <MBSlave+0x39e>
 b94:	81 e0       	ldi	r24, 0x01	; 1
 b96:	ef 28       	or	r14, r15
 b98:	99 f4       	brne	.+38     	; 0xbc0 <MBSlave+0x3c2>
 b9a:	98 2e       	mov	r9, r24
 b9c:	12 96       	adiw	r26, 0x02	; 2
 b9e:	4e 5f       	subi	r20, 0xFE	; 254
 ba0:	5f 4f       	sbci	r21, 0xFF	; 255
 ba2:	ac 15       	cp	r26, r12
 ba4:	bd 05       	cpc	r27, r13
 ba6:	d1 f6       	brne	.-76     	; 0xb5c <MBSlave+0x35e>
 ba8:	ed 85       	ldd	r30, Y+13	; 0x0d
 baa:	fe 85       	ldd	r31, Y+14	; 0x0e
 bac:	91 10       	cpse	r9, r1
 bae:	10 cf       	rjmp	.-480    	; 0x9d0 <MBSlave+0x1d2>
 bb0:	46 e0       	ldi	r20, 0x06	; 6
 bb2:	50 e0       	ldi	r21, 0x00	; 0
 bb4:	a3 e0       	ldi	r26, 0x03	; 3
 bb6:	2a 2e       	mov	r2, r26
 bb8:	31 2c       	mov	r3, r1
 bba:	52 ce       	rjmp	.-860    	; 0x860 <MBSlave+0x62>
 bbc:	91 2c       	mov	r9, r1
 bbe:	ee cf       	rjmp	.-36     	; 0xb9c <MBSlave+0x39e>
 bc0:	80 e0       	ldi	r24, 0x00	; 0
 bc2:	eb cf       	rjmp	.-42     	; 0xb9a <MBSlave+0x39c>
 bc4:	05 30       	cpi	r16, 0x05	; 5
 bc6:	11 05       	cpc	r17, r1
 bc8:	08 f4       	brcc	.+2      	; 0xbcc <MBSlave+0x3ce>
 bca:	02 cf       	rjmp	.-508    	; 0x9d0 <MBSlave+0x1d2>
 bcc:	46 e0       	ldi	r20, 0x06	; 6
 bce:	50 e0       	ldi	r21, 0x00	; 0
 bd0:	82 e0       	ldi	r24, 0x02	; 2
 bd2:	28 2e       	mov	r2, r24
 bd4:	31 2c       	mov	r3, r1
 bd6:	44 ce       	rjmp	.-888    	; 0x860 <MBSlave+0x62>
 bd8:	47 e0       	ldi	r20, 0x07	; 7
 bda:	50 e0       	ldi	r21, 0x00	; 0
 bdc:	41 ce       	rjmp	.-894    	; 0x860 <MBSlave+0x62>
 bde:	45 e0       	ldi	r20, 0x05	; 5
 be0:	50 e0       	ldi	r21, 0x00	; 0
 be2:	3e ce       	rjmp	.-900    	; 0x860 <MBSlave+0x62>
 be4:	48 e0       	ldi	r20, 0x08	; 8
 be6:	50 e0       	ldi	r21, 0x00	; 0
 be8:	3b ce       	rjmp	.-906    	; 0x860 <MBSlave+0x62>

00000bea <ReadEEPROM>:
 bea:	fc 01       	movw	r30, r24
 bec:	20 e0       	ldi	r18, 0x00	; 0
 bee:	30 e0       	ldi	r19, 0x00	; 0
 bf0:	a9 01       	movw	r20, r18
 bf2:	4f 5f       	subi	r20, 0xFF	; 255
 bf4:	5f 4f       	sbci	r21, 0xFF	; 255
 bf6:	e1 99       	sbic	0x1c, 1	; 28
 bf8:	fe cf       	rjmp	.-4      	; 0xbf6 <ReadEEPROM+0xc>
 bfa:	5f bb       	out	0x1f, r21	; 31
 bfc:	4e bb       	out	0x1e, r20	; 30
 bfe:	e0 9a       	sbi	0x1c, 0	; 28
 c00:	9d b3       	in	r25, 0x1d	; 29
 c02:	91 93       	st	Z+, r25
 c04:	d9 01       	movw	r26, r18
 c06:	aa 59       	subi	r26, 0x9A	; 154
 c08:	bf 4f       	sbci	r27, 0xFF	; 255
 c0a:	9c 93       	st	X, r25
 c0c:	9a 01       	movw	r18, r20
 c0e:	46 30       	cpi	r20, 0x06	; 6
 c10:	51 05       	cpc	r21, r1
 c12:	71 f7       	brne	.-36     	; 0xbf0 <ReadEEPROM+0x6>
 c14:	08 95       	ret

00000c16 <UpdEEPROM>:
 c16:	e1 99       	sbic	0x1c, 1	; 28
 c18:	45 c0       	rjmp	.+138    	; 0xca4 <UpdEEPROM+0x8e>
 c1a:	e0 91 64 00 	lds	r30, 0x0064	; 0x800064 <Adr.1624>
 c1e:	f0 91 65 00 	lds	r31, 0x0065	; 0x800065 <Adr.1624+0x1>
 c22:	ea 59       	subi	r30, 0x9A	; 154
 c24:	ff 4f       	sbci	r31, 0xFF	; 255
 c26:	30 81       	ld	r19, Z
 c28:	e0 91 64 00 	lds	r30, 0x0064	; 0x800064 <Adr.1624>
 c2c:	f0 91 65 00 	lds	r31, 0x0065	; 0x800065 <Adr.1624+0x1>
 c30:	e8 0f       	add	r30, r24
 c32:	f9 1f       	adc	r31, r25
 c34:	20 81       	ld	r18, Z
 c36:	32 17       	cp	r19, r18
 c38:	11 f1       	breq	.+68     	; 0xc7e <UpdEEPROM+0x68>
 c3a:	e0 91 64 00 	lds	r30, 0x0064	; 0x800064 <Adr.1624>
 c3e:	f0 91 65 00 	lds	r31, 0x0065	; 0x800065 <Adr.1624+0x1>
 c42:	20 91 64 00 	lds	r18, 0x0064	; 0x800064 <Adr.1624>
 c46:	30 91 65 00 	lds	r19, 0x0065	; 0x800065 <Adr.1624+0x1>
 c4a:	dc 01       	movw	r26, r24
 c4c:	a2 0f       	add	r26, r18
 c4e:	b3 1f       	adc	r27, r19
 c50:	8c 91       	ld	r24, X
 c52:	ea 59       	subi	r30, 0x9A	; 154
 c54:	ff 4f       	sbci	r31, 0xFF	; 255
 c56:	80 83       	st	Z, r24
 c58:	80 91 64 00 	lds	r24, 0x0064	; 0x800064 <Adr.1624>
 c5c:	90 91 65 00 	lds	r25, 0x0065	; 0x800065 <Adr.1624+0x1>
 c60:	01 96       	adiw	r24, 0x01	; 1
 c62:	9f bb       	out	0x1f, r25	; 31
 c64:	8e bb       	out	0x1e, r24	; 30
 c66:	e0 91 64 00 	lds	r30, 0x0064	; 0x800064 <Adr.1624>
 c6a:	f0 91 65 00 	lds	r31, 0x0065	; 0x800065 <Adr.1624+0x1>
 c6e:	ea 59       	subi	r30, 0x9A	; 154
 c70:	ff 4f       	sbci	r31, 0xFF	; 255
 c72:	80 81       	ld	r24, Z
 c74:	8d bb       	out	0x1d, r24	; 29
 c76:	f8 94       	cli
 c78:	e2 9a       	sbi	0x1c, 2	; 28
 c7a:	e1 9a       	sbi	0x1c, 1	; 28
 c7c:	78 94       	sei
 c7e:	80 91 64 00 	lds	r24, 0x0064	; 0x800064 <Adr.1624>
 c82:	90 91 65 00 	lds	r25, 0x0065	; 0x800065 <Adr.1624+0x1>
 c86:	01 96       	adiw	r24, 0x01	; 1
 c88:	90 93 65 00 	sts	0x0065, r25	; 0x800065 <Adr.1624+0x1>
 c8c:	80 93 64 00 	sts	0x0064, r24	; 0x800064 <Adr.1624>
 c90:	80 91 64 00 	lds	r24, 0x0064	; 0x800064 <Adr.1624>
 c94:	90 91 65 00 	lds	r25, 0x0065	; 0x800065 <Adr.1624+0x1>
 c98:	06 97       	sbiw	r24, 0x06	; 6
 c9a:	28 f0       	brcs	.+10     	; 0xca6 <UpdEEPROM+0x90>
 c9c:	10 92 65 00 	sts	0x0065, r1	; 0x800065 <Adr.1624+0x1>
 ca0:	10 92 64 00 	sts	0x0064, r1	; 0x800064 <Adr.1624>
 ca4:	08 95       	ret
 ca6:	80 91 64 00 	lds	r24, 0x0064	; 0x800064 <Adr.1624>
 caa:	90 91 65 00 	lds	r25, 0x0065	; 0x800065 <Adr.1624+0x1>
 cae:	8f 3f       	cpi	r24, 0xFF	; 255
 cb0:	91 40       	sbci	r25, 0x01	; 1
 cb2:	c0 f3       	brcs	.-16     	; 0xca4 <UpdEEPROM+0x8e>
 cb4:	10 92 65 00 	sts	0x0065, r1	; 0x800065 <Adr.1624+0x1>
 cb8:	10 92 64 00 	sts	0x0064, r1	; 0x800064 <Adr.1624>
 cbc:	f3 cf       	rjmp	.-26     	; 0xca4 <UpdEEPROM+0x8e>

00000cbe <__udivmodsi4>:
 cbe:	a1 e2       	ldi	r26, 0x21	; 33
 cc0:	1a 2e       	mov	r1, r26
 cc2:	aa 1b       	sub	r26, r26
 cc4:	bb 1b       	sub	r27, r27
 cc6:	fd 01       	movw	r30, r26
 cc8:	0d c0       	rjmp	.+26     	; 0xce4 <__udivmodsi4_ep>

00000cca <__udivmodsi4_loop>:
 cca:	aa 1f       	adc	r26, r26
 ccc:	bb 1f       	adc	r27, r27
 cce:	ee 1f       	adc	r30, r30
 cd0:	ff 1f       	adc	r31, r31
 cd2:	a2 17       	cp	r26, r18
 cd4:	b3 07       	cpc	r27, r19
 cd6:	e4 07       	cpc	r30, r20
 cd8:	f5 07       	cpc	r31, r21
 cda:	20 f0       	brcs	.+8      	; 0xce4 <__udivmodsi4_ep>
 cdc:	a2 1b       	sub	r26, r18
 cde:	b3 0b       	sbc	r27, r19
 ce0:	e4 0b       	sbc	r30, r20
 ce2:	f5 0b       	sbc	r31, r21

00000ce4 <__udivmodsi4_ep>:
 ce4:	66 1f       	adc	r22, r22
 ce6:	77 1f       	adc	r23, r23
 ce8:	88 1f       	adc	r24, r24
 cea:	99 1f       	adc	r25, r25
 cec:	1a 94       	dec	r1
 cee:	69 f7       	brne	.-38     	; 0xcca <__udivmodsi4_loop>
 cf0:	60 95       	com	r22
 cf2:	70 95       	com	r23
 cf4:	80 95       	com	r24
 cf6:	90 95       	com	r25
 cf8:	9b 01       	movw	r18, r22
 cfa:	ac 01       	movw	r20, r24
 cfc:	bd 01       	movw	r22, r26
 cfe:	cf 01       	movw	r24, r30
 d00:	08 95       	ret

00000d02 <_exit>:
 d02:	f8 94       	cli

00000d04 <__stop_program>:
 d04:	ff cf       	rjmp	.-2      	; 0xd04 <__stop_program>
